<?xml version="1.0" encoding="UTF-8"?>
<Site BuildName="Linux-g++"
	BuildStamp="20231202-0446-Experimental"
	Name="awlN751JX"
	Generator="ctest-3.22.1"
	CompilerName="/usr/bin/g++"
	CompilerVersion="11.4.0"
	OSName="Linux"
	Hostname="awlN751JX"
	OSRelease="6.2.0-37-generic"
	OSVersion="#38~22.04.1-Ubuntu SMP PREEMPT_DYNAMIC Thu Nov  2 18:01:13 UTC 2"
	OSPlatform="x86_64"
	Is64Bits="1"
	VendorString="GenuineIntel"
	VendorID="Intel Corporation"
	FamilyID="6"
	ModelID="60"
	ProcessorCacheSize="6144"
	NumberOfLogicalCPU="8"
	NumberOfPhysicalCPU="4"
	TotalVirtualMemory="2047"
	TotalPhysicalMemory="7819"
	LogicalProcessorsPerPhysical="2"
	ProcessorClockFrequency="3304.21"
	>
	<Testing>
		<StartDateTime>Dec 02 11:46 +07</StartDateTime>
		<StartTestTime>1701492362</StartTestTime>
		<TestList/>
		<EndDateTime>Dec 02 11:46 +07</EndDateTime>
		<EndTestTime>1701492362</EndTestTime>
		<ElapsedMinutes>0</ElapsedMinutes>
	</Testing>
</Site>
