<?xml version="1.0" encoding="UTF-8"?>
<Site BuildName="Linux-g++"
	BuildStamp="20231220-0407-Experimental"
	Name="awlN751JX"
	Generator="ctest-3.22.1"
	CompilerName="/usr/bin/g++"
	CompilerVersion="11.4.0"
	OSName="Linux"
	Hostname="awlN751JX"
	OSRelease="6.2.0-39-generic"
	OSVersion="#40~22.04.1-Ubuntu SMP PREEMPT_DYNAMIC Thu Nov 16 10:53:04 UTC 2"
	OSPlatform="x86_64"
	Is64Bits="1"
	VendorString="GenuineIntel"
	VendorID="Intel Corporation"
	FamilyID="6"
	ModelID="60"
	ProcessorCacheSize="6144"
	NumberOfLogicalCPU="8"
	NumberOfPhysicalCPU="4"
	TotalVirtualMemory="2047"
	TotalPhysicalMemory="7819"
	LogicalProcessorsPerPhysical="2"
	ProcessorClockFrequency="3486.56"
	>
	<Testing>
		<StartDateTime>Dec 20 11:07 +07</StartDateTime>
		<StartTestTime>1703045257</StartTestTime>
		<TestList/>
		<EndDateTime>Dec 20 11:07 +07</EndDateTime>
		<EndTestTime>1703045257</EndTestTime>
		<ElapsedMinutes>0</ElapsedMinutes>
	</Testing>
</Site>
